2023-08-04 10:48:16.372  INFO 12472 --- [main] c.d.obs.api.ObsLoginServiceApplication   : Starting ObsLoginServiceApplication using Java 12.0.2 on IN-PF2RVK6N with PID 12472 (C:\OnlineBankingSystem\Obs_login_service\target\classes started by rsudarsanam in C:\OnlineBankingSystem\Obs_login_service)
2023-08-04 10:48:16.402  INFO 12472 --- [main] c.d.obs.api.ObsLoginServiceApplication   : The following 1 profile is active: "prod"
2023-08-04 10:48:17.518  INFO 12472 --- [main] .s.d.r.c.RepositoryConfigurationDelegate : Bootstrapping Spring Data JPA repositories in DEFAULT mode.
2023-08-04 10:48:17.616  INFO 12472 --- [main] .s.d.r.c.RepositoryConfigurationDelegate : Finished Spring Data repository scanning in 88 ms. Found 4 JPA repository interfaces.
2023-08-04 10:48:18.444  INFO 12472 --- [main] o.s.b.w.embedded.tomcat.TomcatWebServer  : Tomcat initialized with port(s): 9091 (http)
2023-08-04 10:48:18.455  INFO 12472 --- [main] o.apache.catalina.core.StandardService   : Starting service [Tomcat]
2023-08-04 10:48:18.456  INFO 12472 --- [main] org.apache.catalina.core.StandardEngine  : Starting Servlet engine: [Apache Tomcat/9.0.75]
2023-08-04 10:48:18.663  INFO 12472 --- [main] o.a.c.c.C.[Tomcat].[localhost].[/]       : Initializing Spring embedded WebApplicationContext
2023-08-04 10:48:18.663  INFO 12472 --- [main] w.s.c.ServletWebServerApplicationContext : Root WebApplicationContext: initialization completed in 2182 ms
2023-08-04 10:48:18.945  INFO 12472 --- [main] o.hibernate.jpa.internal.util.LogHelper  : HHH000204: Processing PersistenceUnitInfo [name: default]
2023-08-04 10:48:19.017  INFO 12472 --- [main] org.hibernate.Version                    : HHH000412: Hibernate ORM core version 5.6.15.Final
2023-08-04 10:48:19.171  INFO 12472 --- [main] o.hibernate.annotations.common.Version   : HCANN000001: Hibernate Commons Annotations {5.1.2.Final}
2023-08-04 10:48:19.296  INFO 12472 --- [main] com.zaxxer.hikari.HikariDataSource       : HikariPool-1 - Starting...
2023-08-04 10:48:19.301  WARN 12472 --- [main] com.zaxxer.hikari.util.DriverDataSource  : Registered driver with driverClassName=oracle.jdbc.driver.OracleDriver was not found, trying direct instantiation.
2023-08-04 10:48:20.678  INFO 12472 --- [main] com.zaxxer.hikari.HikariDataSource       : HikariPool-1 - Start completed.
2023-08-04 10:48:20.698  INFO 12472 --- [main] org.hibernate.dialect.Dialect            : HHH000400: Using dialect: org.hibernate.dialect.Oracle12cDialect
2023-08-04 10:48:22.264  INFO 12472 --- [main] o.h.e.t.j.p.i.JtaPlatformInitiator       : HHH000490: Using JtaPlatform implementation: [org.hibernate.engine.transaction.jta.platform.internal.NoJtaPlatform]
2023-08-04 10:48:22.286  INFO 12472 --- [main] j.LocalContainerEntityManagerFactoryBean : Initialized JPA EntityManagerFactory for persistence unit 'default'
2023-08-04 10:48:23.319  WARN 12472 --- [main] .s.s.UserDetailsServiceAutoConfiguration : 

Using generated security password: 3e3b09ad-3148-49d8-a407-679af2d63235

This generated password is for development use only. Your security configuration must be updated before running your application in production.

2023-08-04 10:48:23.501  WARN 12472 --- [main] JpaBaseConfiguration$JpaWebConfiguration : spring.jpa.open-in-view is enabled by default. Therefore, database queries may be performed during view rendering. Explicitly configure spring.jpa.open-in-view to disable this warning
2023-08-04 10:48:23.823  INFO 12472 --- [main] o.s.s.web.DefaultSecurityFilterChain     : Will secure any request with [org.springframework.security.web.session.DisableEncodeUrlFilter@790d629a, org.springframework.security.web.context.request.async.WebAsyncManagerIntegrationFilter@346e5cc, org.springframework.security.web.context.SecurityContextPersistenceFilter@58c36104, org.springframework.security.web.header.HeaderWriterFilter@141234df, org.springframework.web.filter.CorsFilter@2cd2c764, org.springframework.security.web.authentication.logout.LogoutFilter@52c27d53, com.dxc.obs.api.Filter.JwtTokenFilter@a5bbaec, org.springframework.security.web.savedrequest.RequestCacheAwareFilter@29fc83c5, org.springframework.security.web.servletapi.SecurityContextHolderAwareRequestFilter@3fb1948c, org.springframework.security.web.authentication.AnonymousAuthenticationFilter@d17d554, org.springframework.security.web.session.SessionManagementFilter@129aaac1, org.springframework.security.web.access.ExceptionTranslationFilter@58d79479, org.springframework.security.web.access.intercept.FilterSecurityInterceptor@25e203e6]
2023-08-04 10:48:24.189  INFO 12472 --- [main] o.s.b.w.embedded.tomcat.TomcatWebServer  : Tomcat started on port(s): 9091 (http) with context path ''
2023-08-04 10:48:24.209  INFO 12472 --- [main] c.d.obs.api.ObsLoginServiceApplication   : Started ObsLoginServiceApplication in 8.326 seconds (JVM running for 10.309)
2023-08-04 10:48:41.455  INFO 12472 --- [http-nio-9091-exec-2] o.a.c.c.C.[Tomcat].[localhost].[/]       : Initializing Spring DispatcherServlet 'dispatcherServlet'
2023-08-04 10:48:41.456  INFO 12472 --- [http-nio-9091-exec-2] o.s.web.servlet.DispatcherServlet        : Initializing Servlet 'dispatcherServlet'
2023-08-04 10:48:41.457  INFO 12472 --- [http-nio-9091-exec-2] o.s.web.servlet.DispatcherServlet        : Completed initialization in 1 ms
2023-08-04 13:33:29.246  INFO 12472 --- [RMI TCP Connection(2)-127.0.0.1] inMXBeanRegistrar$SpringApplicationAdmin : Application shutdown requested.
2023-08-04 13:33:30.250  INFO 12472 --- [RMI TCP Connection(2)-127.0.0.1] o.apache.catalina.core.StandardService   : Stopping service [Tomcat]
2023-08-04 13:33:30.254  INFO 12472 --- [RMI TCP Connection(2)-127.0.0.1] o.a.c.c.C.[Tomcat].[localhost].[/]       : Destroying Spring FrameworkServlet 'dispatcherServlet'
2023-08-04 13:33:30.274  INFO 12472 --- [RMI TCP Connection(2)-127.0.0.1] j.LocalContainerEntityManagerFactoryBean : Closing JPA EntityManagerFactory for persistence unit 'default'
2023-08-04 13:33:30.285  INFO 12472 --- [RMI TCP Connection(2)-127.0.0.1] com.zaxxer.hikari.HikariDataSource       : HikariPool-1 - Shutdown initiated...
2023-08-04 13:33:30.306  INFO 12472 --- [RMI TCP Connection(2)-127.0.0.1] com.zaxxer.hikari.HikariDataSource       : HikariPool-1 - Shutdown completed.
2023-08-04 17:49:24.733  INFO 1312 --- [main] c.d.obs.api.ObsLoginServiceApplication   : Starting ObsLoginServiceApplication using Java 11.0.19 on IN-PF2RVK6N with PID 1312 (C:\OnlineBankingSystem\Obs_login_service\target\classes started by rsudarsanam in C:\OnlineBankingSystem\Obs_login_service)
2023-08-04 17:49:24.739  INFO 1312 --- [main] c.d.obs.api.ObsLoginServiceApplication   : The following 1 profile is active: "prod"
2023-08-04 17:49:25.694  INFO 1312 --- [main] .s.d.r.c.RepositoryConfigurationDelegate : Bootstrapping Spring Data JPA repositories in DEFAULT mode.
2023-08-04 17:49:25.787  INFO 1312 --- [main] .s.d.r.c.RepositoryConfigurationDelegate : Finished Spring Data repository scanning in 83 ms. Found 4 JPA repository interfaces.
2023-08-04 17:49:26.312  INFO 1312 --- [main] o.s.b.w.embedded.tomcat.TomcatWebServer  : Tomcat initialized with port(s): 9091 (http)
2023-08-04 17:49:26.321  INFO 1312 --- [main] o.apache.catalina.core.StandardService   : Starting service [Tomcat]
2023-08-04 17:49:26.321  INFO 1312 --- [main] org.apache.catalina.core.StandardEngine  : Starting Servlet engine: [Apache Tomcat/9.0.75]
2023-08-04 17:49:26.449  INFO 1312 --- [main] o.a.c.c.C.[Tomcat].[localhost].[/]       : Initializing Spring embedded WebApplicationContext
2023-08-04 17:49:26.449  INFO 1312 --- [main] w.s.c.ServletWebServerApplicationContext : Root WebApplicationContext: initialization completed in 1641 ms
2023-08-04 17:49:26.710  INFO 1312 --- [main] o.hibernate.jpa.internal.util.LogHelper  : HHH000204: Processing PersistenceUnitInfo [name: default]
2023-08-04 17:49:26.764  INFO 1312 --- [main] org.hibernate.Version                    : HHH000412: Hibernate ORM core version 5.6.15.Final
2023-08-04 17:49:26.897  INFO 1312 --- [main] o.hibernate.annotations.common.Version   : HCANN000001: Hibernate Commons Annotations {5.1.2.Final}
2023-08-04 17:49:27.007  INFO 1312 --- [main] com.zaxxer.hikari.HikariDataSource       : HikariPool-1 - Starting...
2023-08-04 17:49:27.011  WARN 1312 --- [main] com.zaxxer.hikari.util.DriverDataSource  : Registered driver with driverClassName=oracle.jdbc.driver.OracleDriver was not found, trying direct instantiation.
2023-08-04 17:49:28.448  INFO 1312 --- [main] com.zaxxer.hikari.HikariDataSource       : HikariPool-1 - Start completed.
2023-08-04 17:49:28.465  INFO 1312 --- [main] org.hibernate.dialect.Dialect            : HHH000400: Using dialect: org.hibernate.dialect.Oracle12cDialect
2023-08-04 17:49:33.201  INFO 1312 --- [main] o.h.e.t.j.p.i.JtaPlatformInitiator       : HHH000490: Using JtaPlatform implementation: [org.hibernate.engine.transaction.jta.platform.internal.NoJtaPlatform]
2023-08-04 17:49:33.210  INFO 1312 --- [main] j.LocalContainerEntityManagerFactoryBean : Initialized JPA EntityManagerFactory for persistence unit 'default'
2023-08-04 17:49:33.745  WARN 1312 --- [main] .s.s.UserDetailsServiceAutoConfiguration : 

Using generated security password: 256fa56c-b363-40be-b02a-ceded6a24c44

This generated password is for development use only. Your security configuration must be updated before running your application in production.

2023-08-04 17:49:33.849  WARN 1312 --- [main] JpaBaseConfiguration$JpaWebConfiguration : spring.jpa.open-in-view is enabled by default. Therefore, database queries may be performed during view rendering. Explicitly configure spring.jpa.open-in-view to disable this warning
2023-08-04 17:49:34.047  INFO 1312 --- [main] o.s.s.web.DefaultSecurityFilterChain     : Will secure any request with [org.springframework.security.web.session.DisableEncodeUrlFilter@15a41088, org.springframework.security.web.context.request.async.WebAsyncManagerIntegrationFilter@18356951, org.springframework.security.web.context.SecurityContextPersistenceFilter@e460ca1, org.springframework.security.web.header.HeaderWriterFilter@2aac87ab, org.springframework.web.filter.CorsFilter@53335328, org.springframework.security.web.authentication.logout.LogoutFilter@75b3ef1a, com.dxc.obs.api.Filter.JwtTokenFilter@6ff0b1cc, org.springframework.security.web.savedrequest.RequestCacheAwareFilter@608c2042, org.springframework.security.web.servletapi.SecurityContextHolderAwareRequestFilter@7e84a52b, org.springframework.security.web.authentication.AnonymousAuthenticationFilter@3a0b6aff, org.springframework.security.web.session.SessionManagementFilter@60e5eed0, org.springframework.security.web.access.ExceptionTranslationFilter@2e5c7cd5, org.springframework.security.web.access.intercept.FilterSecurityInterceptor@28dd8786]
2023-08-04 17:49:34.256  INFO 1312 --- [main] o.s.b.w.embedded.tomcat.TomcatWebServer  : Tomcat started on port(s): 9091 (http) with context path ''
2023-08-04 17:49:34.265  INFO 1312 --- [main] c.d.obs.api.ObsLoginServiceApplication   : Started ObsLoginServiceApplication in 10.125 seconds (JVM running for 12.229)
2023-08-04 18:17:16.823  INFO 1312 --- [http-nio-9091-exec-1] o.a.c.c.C.[Tomcat].[localhost].[/]       : Initializing Spring DispatcherServlet 'dispatcherServlet'
2023-08-04 18:17:16.825  INFO 1312 --- [http-nio-9091-exec-1] o.s.web.servlet.DispatcherServlet        : Initializing Servlet 'dispatcherServlet'
2023-08-04 18:17:16.826  INFO 1312 --- [http-nio-9091-exec-1] o.s.web.servlet.DispatcherServlet        : Completed initialization in 1 ms
2023-08-04 18:17:16.918 ERROR 1312 --- [http-nio-9091-exec-2] com.dxc.obs.api.util.JwtUtil             : Expired JWT token - JWT expired at 2023-08-03T13:29:10Z. Current time: 2023-08-04T18:17:16Z, a difference of 103686917 milliseconds.  Allowed clock skew: 0 milliseconds.
2023-08-04 18:39:56.136  INFO 1312 --- [RMI TCP Connection(2)-127.0.0.1] inMXBeanRegistrar$SpringApplicationAdmin : Application shutdown requested.
2023-08-04 18:39:56.945  INFO 1312 --- [RMI TCP Connection(2)-127.0.0.1] o.apache.catalina.core.StandardService   : Stopping service [Tomcat]
2023-08-04 18:39:56.947  INFO 1312 --- [RMI TCP Connection(2)-127.0.0.1] o.a.c.c.C.[Tomcat].[localhost].[/]       : Destroying Spring FrameworkServlet 'dispatcherServlet'
2023-08-04 18:39:56.960  INFO 1312 --- [RMI TCP Connection(2)-127.0.0.1] j.LocalContainerEntityManagerFactoryBean : Closing JPA EntityManagerFactory for persistence unit 'default'
2023-08-04 18:39:56.961  INFO 1312 --- [RMI TCP Connection(2)-127.0.0.1] com.zaxxer.hikari.HikariDataSource       : HikariPool-1 - Shutdown initiated...
2023-08-04 18:39:56.981  INFO 1312 --- [RMI TCP Connection(2)-127.0.0.1] com.zaxxer.hikari.HikariDataSource       : HikariPool-1 - Shutdown completed.
